<?xml version="1.0" encoding="UTF-8"?>
<testng-results ignored="1" total="5" passed="4" failed="0" skipped="0">
  <reporter-output>
  </reporter-output>
  <suite started-at="2022-09-12T10:39:11 IST" name="Default suite" finished-at="2022-09-12T10:39:19 IST" duration-ms="8146">
    <groups>
    </groups>
    <test started-at="2022-09-12T10:39:11 IST" name="Default test" finished-at="2022-09-12T10:39:19 IST" duration-ms="8146">
      <class name="payTabs.apiValidation.ValidateApi">
        <test-method signature="createUser()[pri:0, instance:payTabs.apiValidation.ValidateApi@708f5957]" started-at="2022-09-12T10:39:11 IST" name="createUser" finished-at="2022-09-12T10:39:18 IST" duration-ms="6578" status="PASS">
          <reporter-output>
          </reporter-output>
        </test-method> <!-- createUser -->
        <test-method signature="deleteEmployee()[pri:0, instance:payTabs.apiValidation.ValidateApi@708f5957]" started-at="2022-09-12T10:39:18 IST" name="deleteEmployee" finished-at="2022-09-12T10:39:19 IST" duration-ms="637" status="PASS">
          <reporter-output>
          </reporter-output>
        </test-method> <!-- deleteEmployee -->
        <test-method signature="updateJob()[pri:0, instance:payTabs.apiValidation.ValidateApi@708f5957]" started-at="2022-09-12T10:39:19 IST" name="updateJob" finished-at="2022-09-12T10:39:19 IST" duration-ms="499" status="PASS">
          <reporter-output>
          </reporter-output>
        </test-method> <!-- updateJob -->
        <test-method signature="validateInvalidUser()[pri:0, instance:payTabs.apiValidation.ValidateApi@708f5957]" started-at="2022-09-12T10:39:19 IST" name="validateInvalidUser" finished-at="2022-09-12T10:39:19 IST" duration-ms="266" status="PASS">
          <reporter-output>
          </reporter-output>
        </test-method> <!-- validateInvalidUser -->
      </class> <!-- payTabs.apiValidation.ValidateApi -->
    </test> <!-- Default test -->
  </suite> <!-- Default suite -->
</testng-results>
