<?xml version="1.0" encoding="UTF-8"?>
<!-- Generated by org.testng.reporters.JUnitXMLReporter -->
<testsuite ignored="1" hostname="DESKTOP-0H2MMO1" failures="0" tests="4" name="Default test" time="8.146" errors="0" timestamp="2022-09-12T10:39:19 IST">
  <testcase classname="payTabs.apiValidation.ValidateApi" name="createUser" time="6.578"/>
  <testcase classname="payTabs.apiValidation.ValidateApi" name="deleteEmployee" time="0.637"/>
  <testcase classname="payTabs.apiValidation.ValidateApi" name="updateJob" time="0.499"/>
  <testcase classname="payTabs.apiValidation.ValidateApi" name="validateInvalidUser" time="0.266"/>
  <testcase classname="payTabs.apiValidation.ValidateApi" name="getAllUsers" time="0.0">
    <ignored/>
  </testcase> <!-- getAllUsers -->
</testsuite> <!-- Default test -->
